0 info it worked if it ends with ok
1 verbose cli [ 'node', '/usr/bin/npm', 'init' ]
2 info using npm@1.3.6
3 info using node@v0.10.48
4 silly package data undefined
5 info init written successfully
6 error Error: Invalid name: "entry point: (index.html)"
6 error     at ensureValidName (/usr/lib/node_modules/normalize-package-data/lib/fixer.js:281:15)
6 error     at Object.module.exports.fixNameField (/usr/lib/node_modules/normalize-package-data/lib/fixer.js:196:5)
6 error     at /usr/lib/node_modules/normalize-package-data/lib/normalize.js:29:38
6 error     at Array.forEach (native)
6 error     at normalize (/usr/lib/node_modules/normalize-package-data/lib/normalize.js:28:15)
6 error     at final (/usr/lib/node_modules/read-package-json/read-json.js:310:33)
6 error     at then (/usr/lib/node_modules/read-package-json/read-json.js:124:33)
6 error     at /usr/lib/node_modules/read-package-json/read-json.js:296:57
6 error     at fs.js:208:20
6 error     at OpenReq.Req.done (/usr/lib/node_modules/graceful-fs/graceful-fs.js:135:5)
7 error If you need help, you may report this log at:
7 error     <http://github.com/isaacs/npm/issues>
7 error or email it to:
7 error     <npm-@googlegroups.com>
8 error System Linux 4.9.81-35.56.amzn1.x86_64
9 error command "node" "/usr/bin/npm" "init"
10 error cwd /var/www/html
11 error node -v v0.10.48
12 error npm -v 1.3.6
13 verbose exit [ 1, true ]
